<?xml version="1.0" encoding="UTF-8"?>
<!-- Generated by org.testng.reporters.JUnitReportReporter -->
<testsuite hostname="DTS" failures="0" tests="5" name="org.tes.TestNGprogramme" time="8.247" errors="0" timestamp="2024-03-04T12:44:29 IST" skipped="1">
  <testcase classname="org.tes.TestNGprogramme" name="tc3" time="2.466"/>
  <system-out/>
  <testcase classname="org.tes.TestNGprogramme" name="tc1" time="2.812"/>
  <system-out/>
  <testcase classname="org.tes.TestNGprogramme" name="tc1" time="1.516"/>
  <system-out/>
  <testcase classname="org.tes.TestNGprogramme" name="tc1" time="1.453"/>
  <system-out/>
  <testcase classname="org.tes.TestNGprogramme" name="tc2">
    <skipped/>
  </testcase> <!-- tc2 -->
  <system-out/>
</testsuite> <!-- org.tes.TestNGprogramme -->
