<?xml version="1.0" encoding="UTF-8"?>
<!-- Generated by org.testng.reporters.JUnitReportReporter -->
<testsuite hostname="DTS" failures="0" tests="10" name="org.sui.Datadriventestng" time="36.134" errors="0" timestamp="2024-03-05T00:10:03 IST" skipped="0">
  <testcase classname="org.sui.Datadriventestng" name="tc2" time="5.792"/>
  <system-out/>
  <testcase classname="org.sui.Datadriventestng" name="tc1" time="2.072"/>
  <system-out/>
  <testcase classname="org.sui.Datadriventestng" name="tc3" time="4.596"/>
  <system-out/>
  <testcase classname="org.sui.Datadriventestng" name="tc2" time="5.176"/>
  <system-out/>
  <testcase classname="org.sui.Datadriventestng" name="tc1" time="1.300"/>
  <system-out/>
  <testcase classname="org.sui.Datadriventestng" name="tc2" time="4.583"/>
  <system-out/>
  <testcase classname="org.sui.Datadriventestng" name="tc2" time="4.730"/>
  <system-out/>
  <testcase classname="org.sui.Datadriventestng" name="tc1" time="1.323"/>
  <system-out/>
  <testcase classname="org.sui.Datadriventestng" name="tc1" time="1.374"/>
  <system-out/>
  <testcase classname="org.sui.Datadriventestng" name="tc2" time="5.188"/>
  <system-out/>
</testsuite> <!-- org.sui.Datadriventestng -->
