<?xml version="1.0" encoding="UTF-8"?>
<!-- Generated by org.testng.reporters.JUnitReportReporter -->
<testsuite hostname="DTS" failures="0" tests="3" name="org.par.Parallelmethods" time="43.321" errors="0" timestamp="2024-03-05T17:03:45 IST" skipped="0">
  <testcase classname="org.par.Parallelmethods" name="tc2" time="16.536"/>
  <system-out/>
  <testcase classname="org.par.Parallelmethods" name="tc1" time="13.925"/>
  <system-out/>
  <testcase classname="org.par.Parallelmethods" name="tc3" time="12.860"/>
  <system-out/>
</testsuite> <!-- org.par.Parallelmethods -->
