<?xml version="1.0" encoding="UTF-8"?>
<!-- Generated by org.testng.reporters.JUnitReportReporter -->
<testsuite hostname="DTS" failures="0" tests="12" name="org.tes.TestNGchallenge" time="15.147" errors="0" timestamp="2024-03-04T12:46:47 IST" skipped="1">
  <testcase classname="org.tes.TestNGchallenge" name="tc4" time="1.285"/>
  <system-out/>
  <testcase classname="org.tes.TestNGchallenge" name="tc4" time="0.775"/>
  <system-out/>
  <testcase classname="org.tes.TestNGchallenge" name="tc3" time="3.322"/>
  <system-out/>
  <testcase classname="org.tes.TestNGchallenge" name="tc4" time="0.688"/>
  <system-out/>
  <testcase classname="org.tes.TestNGchallenge" name="tc4" time="0.661"/>
  <system-out/>
  <testcase classname="org.tes.TestNGchallenge" name="tc4" time="0.803"/>
  <system-out/>
  <testcase classname="org.tes.TestNGchallenge" name="tc4" time="0.772"/>
  <system-out/>
  <testcase classname="org.tes.TestNGchallenge" name="tc4" time="2.762"/>
  <system-out/>
  <testcase classname="org.tes.TestNGchallenge" name="tc4" time="1.186"/>
  <system-out/>
  <testcase classname="org.tes.TestNGchallenge" name="tc4" time="2.170"/>
  <system-out/>
  <testcase classname="org.tes.TestNGchallenge" name="tc4" time="0.723"/>
  <system-out/>
  <testcase classname="org.tes.TestNGchallenge" name="tc2">
    <skipped/>
  </testcase> <!-- tc2 -->
  <system-out/>
</testsuite> <!-- org.tes.TestNGchallenge -->
