<?xml version="1.0" encoding="UTF-8"?>
<!-- Generated by org.testng.reporters.JUnitReportReporter -->
<testsuite hostname="DTS" failures="0" tests="7" name="org.tes.Testngpriority" time="0.032" errors="0" timestamp="2024-03-03T22:34:39 IST" skipped="0">
  <testcase classname="org.tes.Testngpriority" name="tc4" time="0.012"/>
  <system-out/>
  <testcase classname="org.tes.Testngpriority" name="tc5" time="0.002"/>
  <system-out/>
  <testcase classname="org.tes.Testngpriority" name="tc1" time="0.002"/>
  <system-out/>
  <testcase classname="org.tes.Testngpriority" name="tc2" time="0.001"/>
  <system-out/>
  <testcase classname="org.tes.Testngpriority" name="tc6" time="0.006"/>
  <system-out/>
  <testcase classname="org.tes.Testngpriority" name="tc7" time="0.002"/>
  <system-out/>
  <testcase classname="org.tes.Testngpriority" name="tc3" time="0.007"/>
  <system-out/>
</testsuite> <!-- org.tes.Testngpriority -->
