<?xml version="1.0" encoding="UTF-8"?>
<!-- Generated by org.testng.reporters.JUnitReportReporter -->
<testsuite hostname="DTS" failures="0" tests="3" name="org.sui.Sampleproject" time="0.027" errors="0" timestamp="2024-03-04T13:13:09 IST" skipped="0">
  <testcase classname="org.sui.Sampleproject" name="tc2" time="0.011"/>
  <system-out/>
  <testcase classname="org.sui.Sampleproject" name="tc3" time="0.005"/>
  <system-out/>
  <testcase classname="org.sui.Sampleproject" name="tc1" time="0.011"/>
  <system-out/>
</testsuite> <!-- org.sui.Sampleproject -->
