<?xml version="1.0" encoding="UTF-8"?>
<!-- Generated by org.testng.reporters.JUnitReportReporter -->
<testsuite hostname="DTS" failures="0" tests="3" name="org.tes.Sampleproject" time="0.016" errors="0" timestamp="2024-03-03T18:49:57 IST" skipped="0">
  <testcase classname="org.tes.Sampleproject" name="tc2" time="0.003"/>
  <system-out/>
  <testcase classname="org.tes.Sampleproject" name="tc1" time="0.008"/>
  <system-out/>
  <testcase classname="org.tes.Sampleproject" name="tc3" time="0.005"/>
  <system-out/>
</testsuite> <!-- org.tes.Sampleproject -->
