<?xml version="1.0" encoding="UTF-8"?>
<!-- Generated by org.testng.reporters.JUnitReportReporter -->
<testsuite hostname="DTS" failures="0" tests="7" name="org.sui.B" time="0.029" errors="0" timestamp="2024-03-05T00:22:09 IST" skipped="0">
  <testcase classname="org.sui.B" name="tc111" time="0.002"/>
  <system-out/>
  <testcase classname="org.sui.B" name="tc1" time="0.001"/>
  <system-out/>
  <testcase classname="org.sui.B" name="tc11" time="0.003"/>
  <system-out/>
  <testcase classname="org.sui.B" name="tc1" time="0.004"/>
  <system-out/>
  <testcase classname="org.sui.B" name="tc1" time="0.012"/>
  <system-out/>
  <testcase classname="org.sui.B" name="tc1" time="0.002"/>
  <system-out/>
  <testcase classname="org.sui.B" name="tc1" time="0.005"/>
  <system-out/>
</testsuite> <!-- org.sui.B -->
