<?xml version="1.0" encoding="UTF-8"?>
<!-- Generated by org.testng.reporters.JUnitReportReporter -->
<testsuite hostname="DTS" failures="0" tests="1" name="org.par.Sampleproject" time="6.836" errors="0" timestamp="2024-03-06T00:47:37 IST" skipped="0">
  <testcase classname="org.par.Sampleproject" name="tc1" time="6.836"/>
  <system-out/>
</testsuite> <!-- org.par.Sampleproject -->
