<?xml version="1.0" encoding="UTF-8"?>
<!-- Generated by org.testng.reporters.JUnitReportReporter -->
<testsuite hostname="DTS" failures="0" tests="7" name="org.tes.Prioritychallenge" time="23.748" errors="0" timestamp="2024-03-04T12:50:03 IST" skipped="0">
  <testcase classname="org.tes.Prioritychallenge" name="tc4" time="2.805"/>
  <system-out/>
  <testcase classname="org.tes.Prioritychallenge" name="tc5" time="6.624"/>
  <system-out/>
  <testcase classname="org.tes.Prioritychallenge" name="tc1" time="2.537"/>
  <system-out/>
  <testcase classname="org.tes.Prioritychallenge" name="tc2" time="3.349"/>
  <system-out/>
  <testcase classname="org.tes.Prioritychallenge" name="tc6" time="2.932"/>
  <system-out/>
  <testcase classname="org.tes.Prioritychallenge" name="tc7" time="2.482"/>
  <system-out/>
  <testcase classname="org.tes.Prioritychallenge" name="tc3" time="3.019"/>
  <system-out/>
</testsuite> <!-- org.tes.Prioritychallenge -->
