<?xml version="1.0" encoding="UTF-8"?>
<!-- Generated by org.testng.reporters.JUnitReportReporter -->
<testsuite hostname="DTS" failures="0" tests="3" name="org.sui.A" time="4.888" errors="0" timestamp="2024-03-04T16:03:14 IST" skipped="1">
  <testcase classname="org.sui.A" name="tc1" time="2.579"/>
  <system-out/>
  <testcase classname="org.sui.A" name="tc3" time="2.309"/>
  <system-out/>
  <testcase classname="org.sui.A" name="tc2">
    <skipped/>
  </testcase> <!-- tc2 -->
  <system-out/>
</testsuite> <!-- org.sui.A -->
